<?xml version="1.0" encoding="UTF-8"?>
<!-- Generated by org.testng.reporters.JUnitXMLReporter -->
<testsuite ignored="0" hostname="inlen8520069246" failures="0" tests="2" name="Default test" time="4.714" errors="0" timestamp="2023-04-17T13:03:59 IST">
  <testcase classname="automationlearning.testcomponents.SubmitOrderTest" name="submitOrder" time="0.0">
    <skipped/>
  </testcase> <!-- submitOrder -->
  <testcase classname="automationlearning.testcomponents.SubmitOrderTest" name="validateOrderTest" time="0.594"/>
</testsuite> <!-- Default test -->
