<?xml version="1.0" encoding="UTF-8"?>
<!-- Generated by org.testng.reporters.JUnitXMLReporter -->
<testsuite ignored="0" hostname="inlen8520069246" failures="0" tests="3" name="Submit Orders Test" time="95.108" errors="0" timestamp="2023-04-18T07:48:42 IST">
  <testcase classname="automationlearning.testcomponents.SubmitOrderTest" name="submitOrder" time="10.218"/>
  <testcase classname="automationlearning.testcomponents.SubmitOrderTest" name="submitOrder" time="9.954"/>
  <testcase classname="automationlearning.testcomponents.SubmitOrderTest" name="validateOrderTest" time="1.399"/>
</testsuite> <!-- Submit Orders Test -->
